<?xml version="1.0" encoding="UTF-8"?>
<testng-results skipped="0" failed="0" ignored="0" total="1" passed="1">
  <reporter-output>
  </reporter-output>
  <suite name="Default suite" duration-ms="8261" started-at="2019-09-25T13:27:26Z" finished-at="2019-09-25T13:27:34Z">
    <groups>
    </groups>
    <test name="Default test" duration-ms="8261" started-at="2019-09-25T13:27:26Z" finished-at="2019-09-25T13:27:34Z">
      <class name="EMS.EMS.LoginEMS">
        <test-method status="PASS" signature="preRequirement()[pri:0, instance:EMS.EMS.LoginEMS@1ddf84b8]" name="preRequirement" duration-ms="8228" started-at="2019-09-25T13:27:26Z" finished-at="2019-09-25T13:27:34Z">
          <reporter-output>
          </reporter-output>
        </test-method> <!-- preRequirement -->
      </class> <!-- EMS.EMS.LoginEMS -->
    </test> <!-- Default test -->
  </suite> <!-- Default suite -->
</testng-results>
